CRITICAL - 2022-09-17 02:48:07 --> Call to undefined function set_value()
in APPPATH\Views\login.php on line 9.
 1 SYSTEMPATH\View\View.php(213): include()
 2 SYSTEMPATH\View\View.php(216): CodeIgniter\View\View->CodeIgniter\View\{closure}()
 3 SYSTEMPATH\Common.php(1142): CodeIgniter\View\View->render('login', [], true)
 4 APPPATH\Controllers\Users.php(12): view('login', [])
 5 SYSTEMPATH\CodeIgniter.php(907): App\Controllers\Users->index()
 6 SYSTEMPATH\CodeIgniter.php(457): CodeIgniter\CodeIgniter->runController(Object(App\Controllers\Users))
 7 SYSTEMPATH\CodeIgniter.php(340): CodeIgniter\CodeIgniter->handleRequest(null, Object(Config\Cache), false)
 8 FCPATH\index.php(67): CodeIgniter\CodeIgniter->run()
CRITICAL - 2022-09-17 04:29:09 --> syntax error, unexpected end of file, expecting "elseif" or "else" or "endif"
in APPPATH\Views\register.php on line 59.
 1 SYSTEMPATH\View\View.php(216): CodeIgniter\View\View->CodeIgniter\View\{closure}()
 2 SYSTEMPATH\Common.php(1142): CodeIgniter\View\View->render('register', [], true)
 3 APPPATH\Controllers\Users.php(40): view('register')
 4 SYSTEMPATH\CodeIgniter.php(907): App\Controllers\Users->register()
 5 SYSTEMPATH\CodeIgniter.php(457): CodeIgniter\CodeIgniter->runController(Object(App\Controllers\Users))
 6 SYSTEMPATH\CodeIgniter.php(340): CodeIgniter\CodeIgniter->handleRequest(null, Object(Config\Cache), false)
 7 FCPATH\index.php(67): CodeIgniter\CodeIgniter->run()
CRITICAL - 2022-09-17 04:29:14 --> syntax error, unexpected end of file, expecting "elseif" or "else" or "endif"
in APPPATH\Views\register.php on line 59.
 1 SYSTEMPATH\View\View.php(216): CodeIgniter\View\View->CodeIgniter\View\{closure}()
 2 SYSTEMPATH\Common.php(1142): CodeIgniter\View\View->render('register', [], true)
 3 APPPATH\Controllers\Users.php(40): view('register')
 4 SYSTEMPATH\CodeIgniter.php(907): App\Controllers\Users->register()
 5 SYSTEMPATH\CodeIgniter.php(457): CodeIgniter\CodeIgniter->runController(Object(App\Controllers\Users))
 6 SYSTEMPATH\CodeIgniter.php(340): CodeIgniter\CodeIgniter->handleRequest(null, Object(Config\Cache), false)
 7 FCPATH\index.php(67): CodeIgniter\CodeIgniter->run()
CRITICAL - 2022-09-17 04:29:23 --> syntax error, unexpected end of file, expecting "elseif" or "else" or "endif"
in APPPATH\Views\register.php on line 59.
 1 SYSTEMPATH\View\View.php(216): CodeIgniter\View\View->CodeIgniter\View\{closure}()
 2 SYSTEMPATH\Common.php(1142): CodeIgniter\View\View->render('register', [], true)
 3 APPPATH\Controllers\Users.php(40): view('register')
 4 SYSTEMPATH\CodeIgniter.php(907): App\Controllers\Users->register()
 5 SYSTEMPATH\CodeIgniter.php(457): CodeIgniter\CodeIgniter->runController(Object(App\Controllers\Users))
 6 SYSTEMPATH\CodeIgniter.php(340): CodeIgniter\CodeIgniter->handleRequest(null, Object(Config\Cache), false)
 7 FCPATH\index.php(67): CodeIgniter\CodeIgniter->run()
CRITICAL - 2022-09-17 04:29:55 --> syntax error, unexpected end of file, expecting "elseif" or "else" or "endif"
in APPPATH\Views\register.php on line 59.
 1 SYSTEMPATH\View\View.php(216): CodeIgniter\View\View->CodeIgniter\View\{closure}()
 2 SYSTEMPATH\Common.php(1142): CodeIgniter\View\View->render('register', [], true)
 3 APPPATH\Controllers\Users.php(40): view('register')
 4 SYSTEMPATH\CodeIgniter.php(907): App\Controllers\Users->register()
 5 SYSTEMPATH\CodeIgniter.php(457): CodeIgniter\CodeIgniter->runController(Object(App\Controllers\Users))
 6 SYSTEMPATH\CodeIgniter.php(340): CodeIgniter\CodeIgniter->handleRequest(null, Object(Config\Cache), false)
 7 FCPATH\index.php(67): CodeIgniter\CodeIgniter->run()
CRITICAL - 2022-09-17 04:56:57 --> syntax error, unexpected end of file, expecting "elseif" or "else" or "endif"
in APPPATH\Views\login.php on line 32.
 1 SYSTEMPATH\View\View.php(216): CodeIgniter\View\View->CodeIgniter\View\{closure}()
 2 SYSTEMPATH\Common.php(1142): CodeIgniter\View\View->render('login', [], true)
 3 APPPATH\Controllers\Users.php(14): view('login')
 4 SYSTEMPATH\CodeIgniter.php(907): App\Controllers\Users->index()
 5 SYSTEMPATH\CodeIgniter.php(457): CodeIgniter\CodeIgniter->runController(Object(App\Controllers\Users))
 6 SYSTEMPATH\CodeIgniter.php(340): CodeIgniter\CodeIgniter->handleRequest(null, Object(Config\Cache), false)
 7 FCPATH\index.php(67): CodeIgniter\CodeIgniter->run()
CRITICAL - 2022-09-17 04:57:27 --> Class "App\Models\UserModel" not found
in APPPATH\Controllers\Users.php on line 35.
 1 SYSTEMPATH\CodeIgniter.php(907): App\Controllers\Users->register()
 2 SYSTEMPATH\CodeIgniter.php(457): CodeIgniter\CodeIgniter->runController(Object(App\Controllers\Users))
 3 SYSTEMPATH\CodeIgniter.php(340): CodeIgniter\CodeIgniter->handleRequest(null, Object(Config\Cache), false)
 4 FCPATH\index.php(67): CodeIgniter\CodeIgniter->run()
CRITICAL - 2022-09-17 04:59:16 --> Class "App\Models\UserModel" not found
in APPPATH\Controllers\Users.php on line 35.
 1 SYSTEMPATH\CodeIgniter.php(907): App\Controllers\Users->register()
 2 SYSTEMPATH\CodeIgniter.php(457): CodeIgniter\CodeIgniter->runController(Object(App\Controllers\Users))
 3 SYSTEMPATH\CodeIgniter.php(340): CodeIgniter\CodeIgniter->handleRequest(null, Object(Config\Cache), false)
 4 FCPATH\index.php(67): CodeIgniter\CodeIgniter->run()
CRITICAL - 2022-09-17 04:59:27 --> Class "App\Models\UserModel" not found
in APPPATH\Controllers\Users.php on line 35.
 1 SYSTEMPATH\CodeIgniter.php(907): App\Controllers\Users->register()
 2 SYSTEMPATH\CodeIgniter.php(457): CodeIgniter\CodeIgniter->runController(Object(App\Controllers\Users))
 3 SYSTEMPATH\CodeIgniter.php(340): CodeIgniter\CodeIgniter->handleRequest(null, Object(Config\Cache), false)
 4 FCPATH\index.php(67): CodeIgniter\CodeIgniter->run()
CRITICAL - 2022-09-17 05:00:00 --> Class "App\Models\UserModel" not found
in APPPATH\Controllers\Users.php on line 35.
 1 SYSTEMPATH\CodeIgniter.php(907): App\Controllers\Users->register()
 2 SYSTEMPATH\CodeIgniter.php(457): CodeIgniter\CodeIgniter->runController(Object(App\Controllers\Users))
 3 SYSTEMPATH\CodeIgniter.php(340): CodeIgniter\CodeIgniter->handleRequest(null, Object(Config\Cache), false)
 4 FCPATH\index.php(67): CodeIgniter\CodeIgniter->run()
CRITICAL - 2022-09-17 05:00:17 --> Class "App\Models\UserModel" not found
in APPPATH\Controllers\Users.php on line 35.
 1 SYSTEMPATH\CodeIgniter.php(907): App\Controllers\Users->register()
 2 SYSTEMPATH\CodeIgniter.php(457): CodeIgniter\CodeIgniter->runController(Object(App\Controllers\Users))
 3 SYSTEMPATH\CodeIgniter.php(340): CodeIgniter\CodeIgniter->handleRequest(null, Object(Config\Cache), false)
 4 FCPATH\index.php(67): CodeIgniter\CodeIgniter->run()
CRITICAL - 2022-09-17 05:01:59 --> Class "App\Models\UserModel" not found
in APPPATH\Controllers\Users.php on line 35.
 1 SYSTEMPATH\CodeIgniter.php(907): App\Controllers\Users->register()
 2 SYSTEMPATH\CodeIgniter.php(457): CodeIgniter\CodeIgniter->runController(Object(App\Controllers\Users))
 3 SYSTEMPATH\CodeIgniter.php(340): CodeIgniter\CodeIgniter->handleRequest(null, Object(Config\Cache), false)
 4 FCPATH\index.php(67): CodeIgniter\CodeIgniter->run()
CRITICAL - 2022-09-17 05:02:03 --> Class "App\Models\UserModel" not found
in APPPATH\Controllers\Users.php on line 35.
 1 SYSTEMPATH\CodeIgniter.php(907): App\Controllers\Users->register()
 2 SYSTEMPATH\CodeIgniter.php(457): CodeIgniter\CodeIgniter->runController(Object(App\Controllers\Users))
 3 SYSTEMPATH\CodeIgniter.php(340): CodeIgniter\CodeIgniter->handleRequest(null, Object(Config\Cache), false)
 4 FCPATH\index.php(67): CodeIgniter\CodeIgniter->run()
CRITICAL - 2022-09-17 05:04:06 --> Class "App\Models\UserModel" not found
in APPPATH\Controllers\Users.php on line 35.
 1 SYSTEMPATH\CodeIgniter.php(907): App\Controllers\Users->register()
 2 SYSTEMPATH\CodeIgniter.php(457): CodeIgniter\CodeIgniter->runController(Object(App\Controllers\Users))
 3 SYSTEMPATH\CodeIgniter.php(340): CodeIgniter\CodeIgniter->handleRequest(null, Object(Config\Cache), false)
 4 FCPATH\index.php(67): CodeIgniter\CodeIgniter->run()
CRITICAL - 2022-09-17 05:05:45 --> Class "App\Models\UserModel" not found
in APPPATH\Controllers\Users.php on line 35.
 1 SYSTEMPATH\CodeIgniter.php(907): App\Controllers\Users->register()
 2 SYSTEMPATH\CodeIgniter.php(457): CodeIgniter\CodeIgniter->runController(Object(App\Controllers\Users))
 3 SYSTEMPATH\CodeIgniter.php(340): CodeIgniter\CodeIgniter->handleRequest(null, Object(Config\Cache), false)
 4 FCPATH\index.php(67): CodeIgniter\CodeIgniter->run()
CRITICAL - 2022-09-17 05:08:59 --> Class "App\Models\UserModel" not found
in APPPATH\Controllers\Users.php on line 35.
 1 SYSTEMPATH\CodeIgniter.php(907): App\Controllers\Users->register()
 2 SYSTEMPATH\CodeIgniter.php(457): CodeIgniter\CodeIgniter->runController(Object(App\Controllers\Users))
 3 SYSTEMPATH\CodeIgniter.php(340): CodeIgniter\CodeIgniter->handleRequest(null, Object(Config\Cache), false)
 4 FCPATH\index.php(67): CodeIgniter\CodeIgniter->run()
CRITICAL - 2022-09-17 06:18:09 --> Class "App\Models\UserModel" not found
in APPPATH\Controllers\Users.php on line 35.
 1 SYSTEMPATH\CodeIgniter.php(907): App\Controllers\Users->register()
 2 SYSTEMPATH\CodeIgniter.php(457): CodeIgniter\CodeIgniter->runController(Object(App\Controllers\Users))
 3 SYSTEMPATH\CodeIgniter.php(340): CodeIgniter\CodeIgniter->handleRequest(null, Object(Config\Cache), false)
 4 FCPATH\index.php(67): CodeIgniter\CodeIgniter->run()
CRITICAL - 2022-09-17 06:25:55 --> Class "App\Models\UserModel" not found
in APPPATH\Controllers\Users.php on line 35.
 1 SYSTEMPATH\CodeIgniter.php(907): App\Controllers\Users->register()
 2 SYSTEMPATH\CodeIgniter.php(457): CodeIgniter\CodeIgniter->runController(Object(App\Controllers\Users))
 3 SYSTEMPATH\CodeIgniter.php(340): CodeIgniter\CodeIgniter->handleRequest(null, Object(Config\Cache), false)
 4 FCPATH\index.php(67): CodeIgniter\CodeIgniter->run()
CRITICAL - 2022-09-17 06:28:27 --> Class "App\Models\UserModel" not found
in APPPATH\Controllers\Users.php on line 35.
 1 SYSTEMPATH\CodeIgniter.php(907): App\Controllers\Users->register()
 2 SYSTEMPATH\CodeIgniter.php(457): CodeIgniter\CodeIgniter->runController(Object(App\Controllers\Users))
 3 SYSTEMPATH\CodeIgniter.php(340): CodeIgniter\CodeIgniter->handleRequest(null, Object(Config\Cache), false)
 4 FCPATH\index.php(67): CodeIgniter\CodeIgniter->run()
CRITICAL - 2022-09-17 06:30:18 --> Class "App\Models\UserModel" not found
in APPPATH\Controllers\Users.php on line 35.
 1 SYSTEMPATH\CodeIgniter.php(907): App\Controllers\Users->register()
 2 SYSTEMPATH\CodeIgniter.php(457): CodeIgniter\CodeIgniter->runController(Object(App\Controllers\Users))
 3 SYSTEMPATH\CodeIgniter.php(340): CodeIgniter\CodeIgniter->handleRequest(null, Object(Config\Cache), false)
 4 FCPATH\index.php(67): CodeIgniter\CodeIgniter->run()
CRITICAL - 2022-09-17 06:36:15 --> Class "App\Models\UserModel" not found
in APPPATH\Controllers\Users.php on line 35.
 1 SYSTEMPATH\CodeIgniter.php(907): App\Controllers\Users->register()
 2 SYSTEMPATH\CodeIgniter.php(457): CodeIgniter\CodeIgniter->runController(Object(App\Controllers\Users))
 3 SYSTEMPATH\CodeIgniter.php(340): CodeIgniter\CodeIgniter->handleRequest(null, Object(Config\Cache), false)
 4 FCPATH\index.php(67): CodeIgniter\CodeIgniter->run()
CRITICAL - 2022-09-17 06:42:21 --> Class "App\Models\UserModel" not found
in APPPATH\Controllers\Users.php on line 35.
 1 SYSTEMPATH\CodeIgniter.php(907): App\Controllers\Users->register()
 2 SYSTEMPATH\CodeIgniter.php(457): CodeIgniter\CodeIgniter->runController(Object(App\Controllers\Users))
 3 SYSTEMPATH\CodeIgniter.php(340): CodeIgniter\CodeIgniter->handleRequest(null, Object(Config\Cache), false)
 4 FCPATH\index.php(67): CodeIgniter\CodeIgniter->run()
CRITICAL - 2022-09-17 06:42:42 --> Class "App\Models\UserModel" not found
in APPPATH\Controllers\Users.php on line 35.
 1 SYSTEMPATH\CodeIgniter.php(907): App\Controllers\Users->register()
 2 SYSTEMPATH\CodeIgniter.php(457): CodeIgniter\CodeIgniter->runController(Object(App\Controllers\Users))
 3 SYSTEMPATH\CodeIgniter.php(340): CodeIgniter\CodeIgniter->handleRequest(null, Object(Config\Cache), false)
 4 FCPATH\index.php(67): CodeIgniter\CodeIgniter->run()
CRITICAL - 2022-09-17 06:43:16 --> Class "App\Controllers\CI_Model" not found
in APPPATH\Controllers\Users.php on line 5.
 1 SYSTEMPATH\Autoloader\Autoloader.php(282): include_once()
 2 SYSTEMPATH\Autoloader\Autoloader.php(259): CodeIgniter\Autoloader\Autoloader->includeFile('APPPATH\\Controllers\\Users.php')
 3 SYSTEMPATH\Autoloader\Autoloader.php(237): CodeIgniter\Autoloader\Autoloader->loadInNamespace('App\\Controllers\\Users')
 4 [internal function]: CodeIgniter\Autoloader\Autoloader->loadClass('App\\Controllers\\Users')
 5 SYSTEMPATH\CodeIgniter.php(857): class_exists('\\App\\Controllers\\Users', true)
 6 SYSTEMPATH\CodeIgniter.php(444): CodeIgniter\CodeIgniter->startController()
 7 SYSTEMPATH\CodeIgniter.php(340): CodeIgniter\CodeIgniter->handleRequest(null, Object(Config\Cache), false)
 8 FCPATH\index.php(67): CodeIgniter\CodeIgniter->run()
CRITICAL - 2022-09-17 06:43:32 --> Class "App\Controllers\UserModel" not found
in APPPATH\Controllers\Users.php on line 39.
 1 SYSTEMPATH\CodeIgniter.php(907): App\Controllers\Users->register()
 2 SYSTEMPATH\CodeIgniter.php(457): CodeIgniter\CodeIgniter->runController(Object(App\Controllers\Users))
 3 SYSTEMPATH\CodeIgniter.php(340): CodeIgniter\CodeIgniter->handleRequest(null, Object(Config\Cache), false)
 4 FCPATH\index.php(67): CodeIgniter\CodeIgniter->run()
CRITICAL - 2022-09-17 06:43:49 --> Class "App\Controllers\UserModel" not found
in APPPATH\Controllers\Users.php on line 39.
 1 SYSTEMPATH\CodeIgniter.php(907): App\Controllers\Users->register()
 2 SYSTEMPATH\CodeIgniter.php(457): CodeIgniter\CodeIgniter->runController(Object(App\Controllers\Users))
 3 SYSTEMPATH\CodeIgniter.php(340): CodeIgniter\CodeIgniter->handleRequest(null, Object(Config\Cache), false)
 4 FCPATH\index.php(67): CodeIgniter\CodeIgniter->run()
CRITICAL - 2022-09-17 09:41:22 --> Class "Config\UserRules" not found
in SYSTEMPATH\Validation\Validation.php on line 586.
 1 SYSTEMPATH\Validation\Validation.php(122): CodeIgniter\Validation\Validation->loadRuleSets()
 2 SYSTEMPATH\Controller.php(140): CodeIgniter\Validation\Validation->run()
 3 APPPATH\Controllers\Users.php(26): CodeIgniter\Controller->validate([...], [...])
 4 SYSTEMPATH\CodeIgniter.php(907): App\Controllers\Users->index()
 5 SYSTEMPATH\CodeIgniter.php(457): CodeIgniter\CodeIgniter->runController(Object(App\Controllers\Users))
 6 SYSTEMPATH\CodeIgniter.php(340): CodeIgniter\CodeIgniter->handleRequest(null, Object(Config\Cache), false)
 7 FCPATH\index.php(67): CodeIgniter\CodeIgniter->run()
CRITICAL - 2022-09-17 12:48:27 --> Call to undefined method App\Models\UserModel::model
in SYSTEMPATH\Model.php on line 774.
 1 APPPATH\Controllers\Users.php(31): CodeIgniter\Model->__call('model', [...])
 2 SYSTEMPATH\CodeIgniter.php(907): App\Controllers\Users->index()
 3 SYSTEMPATH\CodeIgniter.php(457): CodeIgniter\CodeIgniter->runController(Object(App\Controllers\Users))
 4 SYSTEMPATH\CodeIgniter.php(340): CodeIgniter\CodeIgniter->handleRequest(null, Object(Config\Cache), false)
 5 FCPATH\index.php(67): CodeIgniter\CodeIgniter->run()
CRITICAL - 2022-09-17 12:58:28 --> Call to undefined method App\Models\UserModel::model
in SYSTEMPATH\Model.php on line 774.
 1 APPPATH\Controllers\Users.php(31): CodeIgniter\Model->__call('model', [...])
 2 SYSTEMPATH\CodeIgniter.php(907): App\Controllers\Users->index()
 3 SYSTEMPATH\CodeIgniter.php(457): CodeIgniter\CodeIgniter->runController(Object(App\Controllers\Users))
 4 SYSTEMPATH\CodeIgniter.php(340): CodeIgniter\CodeIgniter->handleRequest(null, Object(Config\Cache), false)
 5 FCPATH\index.php(67): CodeIgniter\CodeIgniter->run()
CRITICAL - 2022-09-17 13:09:45 --> Call to undefined method App\Models\UserModel::model
in SYSTEMPATH\Model.php on line 774.
 1 APPPATH\Controllers\Users.php(31): CodeIgniter\Model->__call('model', [...])
 2 SYSTEMPATH\CodeIgniter.php(907): App\Controllers\Users->index()
 3 SYSTEMPATH\CodeIgniter.php(457): CodeIgniter\CodeIgniter->runController(Object(App\Controllers\Users))
 4 SYSTEMPATH\CodeIgniter.php(340): CodeIgniter\CodeIgniter->handleRequest(null, Object(Config\Cache), false)
 5 FCPATH\index.php(67): CodeIgniter\CodeIgniter->run()
CRITICAL - 2022-09-17 13:13:08 --> Call to undefined method App\Models\UserModel::model
in SYSTEMPATH\Model.php on line 774.
 1 APPPATH\Controllers\Users.php(31): CodeIgniter\Model->__call('model', [...])
 2 SYSTEMPATH\CodeIgniter.php(907): App\Controllers\Users->index()
 3 SYSTEMPATH\CodeIgniter.php(457): CodeIgniter\CodeIgniter->runController(Object(App\Controllers\Users))
 4 SYSTEMPATH\CodeIgniter.php(340): CodeIgniter\CodeIgniter->handleRequest(null, Object(Config\Cache), false)
 5 FCPATH\index.php(67): CodeIgniter\CodeIgniter->run()
CRITICAL - 2022-09-17 14:24:49 --> Call to undefined method App\Models\UserModel::model
in SYSTEMPATH\Model.php on line 774.
 1 APPPATH\Controllers\Users.php(31): CodeIgniter\Model->__call('model', [...])
 2 SYSTEMPATH\CodeIgniter.php(907): App\Controllers\Users->index()
 3 SYSTEMPATH\CodeIgniter.php(457): CodeIgniter\CodeIgniter->runController(Object(App\Controllers\Users))
 4 SYSTEMPATH\CodeIgniter.php(340): CodeIgniter\CodeIgniter->handleRequest(null, Object(Config\Cache), false)
 5 FCPATH\index.php(67): CodeIgniter\CodeIgniter->run()
CRITICAL - 2022-09-17 14:57:21 --> syntax error, unexpected token "private", expecting end of file
in APPPATH\Controllers\Users.php on line 97.
 1 SYSTEMPATH\Autoloader\Autoloader.php(259): CodeIgniter\Autoloader\Autoloader->includeFile('APPPATH\\Controllers\\Users.php')
 2 SYSTEMPATH\Autoloader\Autoloader.php(237): CodeIgniter\Autoloader\Autoloader->loadInNamespace('App\\Controllers\\Users')
 3 [internal function]: CodeIgniter\Autoloader\Autoloader->loadClass('App\\Controllers\\Users')
 4 SYSTEMPATH\CodeIgniter.php(857): class_exists('\\App\\Controllers\\Users', true)
 5 SYSTEMPATH\CodeIgniter.php(444): CodeIgniter\CodeIgniter->startController()
 6 SYSTEMPATH\CodeIgniter.php(340): CodeIgniter\CodeIgniter->handleRequest(null, Object(Config\Cache), false)
 7 FCPATH\index.php(67): CodeIgniter\CodeIgniter->run()
CRITICAL - 2022-09-17 15:17:20 --> syntax error, unexpected token "private", expecting end of file
in APPPATH\Controllers\Users.php on line 91.
 1 SYSTEMPATH\Autoloader\Autoloader.php(259): CodeIgniter\Autoloader\Autoloader->includeFile('APPPATH\\Controllers\\Users.php')
 2 SYSTEMPATH\Autoloader\Autoloader.php(237): CodeIgniter\Autoloader\Autoloader->loadInNamespace('App\\Controllers\\Users')
 3 [internal function]: CodeIgniter\Autoloader\Autoloader->loadClass('App\\Controllers\\Users')
 4 SYSTEMPATH\CodeIgniter.php(857): class_exists('\\App\\Controllers\\Users', true)
 5 SYSTEMPATH\CodeIgniter.php(444): CodeIgniter\CodeIgniter->startController()
 6 SYSTEMPATH\CodeIgniter.php(340): CodeIgniter\CodeIgniter->handleRequest(null, Object(Config\Cache), false)
 7 FCPATH\index.php(67): CodeIgniter\CodeIgniter->run()
CRITICAL - 2022-09-17 15:22:10 --> Call to undefined method App\Models\UserModel::model
in SYSTEMPATH\Model.php on line 774.
 1 APPPATH\Controllers\Users.php(31): CodeIgniter\Model->__call('model', [...])
 2 SYSTEMPATH\CodeIgniter.php(907): App\Controllers\Users->index()
 3 SYSTEMPATH\CodeIgniter.php(457): CodeIgniter\CodeIgniter->runController(Object(App\Controllers\Users))
 4 SYSTEMPATH\CodeIgniter.php(340): CodeIgniter\CodeIgniter->handleRequest(null, Object(Config\Cache), false)
 5 FCPATH\index.php(67): CodeIgniter\CodeIgniter->run()
CRITICAL - 2022-09-17 16:23:25 --> syntax error, unexpected token "public", expecting end of file
in APPPATH\Controllers\Users.php on line 99.
 1 SYSTEMPATH\Autoloader\Autoloader.php(259): CodeIgniter\Autoloader\Autoloader->includeFile('APPPATH\\Controllers\\Users.php')
 2 SYSTEMPATH\Autoloader\Autoloader.php(237): CodeIgniter\Autoloader\Autoloader->loadInNamespace('App\\Controllers\\Users')
 3 [internal function]: CodeIgniter\Autoloader\Autoloader->loadClass('App\\Controllers\\Users')
 4 SYSTEMPATH\CodeIgniter.php(857): class_exists('\\App\\Controllers\\Users', true)
 5 SYSTEMPATH\CodeIgniter.php(444): CodeIgniter\CodeIgniter->startController()
 6 SYSTEMPATH\CodeIgniter.php(340): CodeIgniter\CodeIgniter->handleRequest(null, Object(Config\Cache), false)
 7 FCPATH\index.php(67): CodeIgniter\CodeIgniter->run()
